<?xml version="1.0" encoding="UTF-8"?>
<!-- Generated by org.testng.reporters.JUnitReportReporter -->
<testsuite hostname="Pallavi_Tammali" failures="0" tests="1" name="tasks.DemoWebShop" time="34.359" errors="0" timestamp="2024-08-22T17:47:20 IST" skipped="0">
  <testcase classname="tasks.DemoWebShop" name="register" time="34.359"/>
</testsuite> <!-- tasks.DemoWebShop -->
