<?xml version="1.0" encoding="UTF-8"?>
<!-- Generated by org.testng.reporters.JUnitReportReporter -->
<testsuite hostname="Pallavi_Tammali" failures="0" tests="1" name="webelements.FormValidation" time="9.725" errors="0" timestamp="2024-08-15T15:34:23 IST" skipped="0">
  <testcase classname="webelements.FormValidation" name="defaultformvalidation" time="9.725"/>
</testsuite> <!-- webelements.FormValidation -->
