<?xml version="1.0" encoding="UTF-8"?>
<!-- Generated by org.testng.reporters.JUnitReportReporter -->
<testsuite hostname="Pallavi_Tammali" failures="0" tests="1" name="popups.Notifications" time="7.288" errors="0" timestamp="2024-08-24T12:34:30 IST" skipped="0">
  <testcase classname="popups.Notifications" name="defaultnotification" time="7.288"/>
</testsuite> <!-- popups.Notifications -->
