<?xml version="1.0" encoding="UTF-8"?>
<!-- Generated by org.testng.reporters.JUnitReportReporter -->
<testsuite hostname="Pallavi_Tammali" failures="0" tests="1" name="webelements.Video" time="24.803" errors="0" timestamp="2024-08-24T10:57:15 IST" skipped="0">
  <testcase classname="webelements.Video" name="defaultvideo" time="24.803"/>
</testsuite> <!-- webelements.Video -->
