<?xml version="1.0" encoding="UTF-8"?>
<!-- Generated by org.testng.reporters.JUnitReportReporter -->
<testsuite hostname="Pallavi_Tammali" failures="0" tests="1" name="mouseActions.DragNDrop" time="29.475" errors="0" timestamp="2024-08-15T13:16:08 IST" skipped="0">
  <testcase classname="mouseActions.DragNDrop" name="dragposition" time="29.475"/>
</testsuite> <!-- mouseActions.DragNDrop -->
