<?xml version="1.0" encoding="UTF-8"?>
<!-- Generated by org.testng.reporters.JUnitReportReporter -->
<testsuite hostname="Pallavi_Tammali" failures="0" tests="1" name="others.Print" time="5.925" errors="0" timestamp="2024-08-21T11:16:02 IST" skipped="0">
  <testcase classname="others.Print" name="print1" time="5.925"/>
</testsuite> <!-- others.Print -->
