<?xml version="1.0" encoding="UTF-8"?>
<!-- Generated by org.testng.reporters.JUnitReportReporter -->
<testsuite hostname="Pallavi_Tammali" failures="0" tests="1" name="synchronization.ProgressBar" time="16.186" errors="0" timestamp="2024-08-14T13:11:39 IST" skipped="0">
  <testcase classname="synchronization.ProgressBar" name="withtimer" time="16.186"/>
</testsuite> <!-- synchronization.ProgressBar -->
