<?xml version="1.0" encoding="UTF-8"?>
<!-- Generated by org.testng.reporters.JUnitReportReporter -->
<testsuite hostname="Pallavi_Tammali" failures="0" tests="1" name="webelements.Slider" time="6.517" errors="0" timestamp="2024-08-21T17:16:16 IST" skipped="0">
  <testcase classname="webelements.Slider" name="defaultslider" time="6.517"/>
</testsuite> <!-- webelements.Slider -->
