<?xml version="1.0" encoding="UTF-8"?>
<!-- Generated by org.testng.reporters.JUnitReportReporter -->
<testsuite hostname="Pallavi_Tammali" failures="0" tests="1" name="frames.Iframes" time="25.738" errors="0" timestamp="2024-08-20T18:38:05 IST" skipped="0">
  <testcase classname="frames.Iframes" name="nestedwithmultipleiframe" time="25.738"/>
</testsuite> <!-- frames.Iframes -->
