<?xml version="1.0" encoding="UTF-8"?>
<!-- Generated by org.testng.reporters.JUnitReportReporter -->
<testsuite hostname="Pallavi_Tammali" failures="0" tests="1" name="popups.Download" time="9.768" errors="0" timestamp="2024-08-24T10:48:14 IST" skipped="0">
  <testcase classname="popups.Download" name="defaultdownload" time="9.768"/>
</testsuite> <!-- popups.Download -->
