<?xml version="1.0" encoding="UTF-8"?>
<!-- Generated by org.testng.reporters.JUnitReportReporter -->
<testsuite hostname="Pallavi_Tammali" failures="0" tests="1" name="webelements.TextBox" time="22.373" errors="0" timestamp="2024-08-13T15:15:08 IST" skipped="0">
  <testcase classname="webelements.TextBox" name="MultilineTextArea" time="22.373"/>
</testsuite> <!-- webelements.TextBox -->
