<?xml version="1.0" encoding="UTF-8"?>
<!-- Generated by org.testng.reporters.JUnitReportReporter -->
<testsuite hostname="Pallavi_Tammali" failures="0" tests="1" name="popups.Authentication" time="10.975" errors="0" timestamp="2024-08-24T12:24:24 IST" skipped="0">
  <testcase classname="popups.Authentication" name="defaultAuthenticpopup" time="10.975"/>
</testsuite> <!-- popups.Authentication -->
