<?xml version="1.0" encoding="UTF-8"?>
<!-- Generated by org.testng.reporters.JUnitReportReporter -->
<testsuite hostname="Pallavi_Tammali" failures="0" tests="1" name="popups.HiddenDivision" time="21.363" errors="0" timestamp="2024-08-22T10:36:56 IST" skipped="0">
  <testcase classname="popups.HiddenDivision" name="defaulthiddendivision" time="21.363"/>
</testsuite> <!-- popups.HiddenDivision -->
