<?xml version="1.0" encoding="UTF-8"?>
<!-- Generated by org.testng.reporters.JUnitReportReporter -->
<testsuite hostname="Pallavi_Tammali" failures="0" tests="1" name="dateNTimePicker.DatePicker" time="15.118" errors="0" timestamp="2024-08-20T11:02:16 IST" skipped="0">
  <testcase classname="dateNTimePicker.DatePicker" name="dropdowndatepicker" time="15.118"/>
</testsuite> <!-- dateNTimePicker.DatePicker -->
