<?xml version="1.0" encoding="UTF-8"?>
<!-- Generated by org.testng.reporters.JUnitReportReporter -->
<testsuite hostname="Pallavi_Tammali" failures="0" tests="1" name="keyBoardActions.KeyBoard" time="12.945" errors="0" timestamp="2024-08-20T15:56:28 IST" skipped="0">
  <testcase classname="keyBoardActions.KeyBoard" name="defaultkeyboard" time="12.945"/>
</testsuite> <!-- keyBoardActions.KeyBoard -->
