<?xml version="1.0" encoding="UTF-8"?>
<!-- Generated by org.testng.reporters.JUnitReportReporter -->
<testsuite hostname="Pallavi_Tammali" failures="0" tests="1" name="synchronization.PageLoading" time="6.129" errors="0" timestamp="2024-08-21T17:20:34 IST" skipped="0">
  <testcase classname="synchronization.PageLoading" name="defaultpageload" time="6.129"/>
</testsuite> <!-- synchronization.PageLoading -->
