<?xml version="1.0" encoding="UTF-8"?>
<!-- Generated by org.testng.reporters.JUnitReportReporter -->
<testsuite hostname="Pallavi_Tammali" failures="0" tests="1" name="popups.BrowserWindow" time="19.513" errors="0" timestamp="2024-08-21T16:04:14 IST" skipped="0">
  <testcase classname="popups.BrowserWindow" name="newtab" time="19.513"/>
</testsuite> <!-- popups.BrowserWindow -->
