<?xml version="1.0" encoding="UTF-8"?>
<!-- Generated by org.testng.reporters.JUnitReportReporter -->
<testsuite hostname="Pallavi_Tammali" failures="0" tests="1" name="webelements.Button" time="8.401" errors="0" timestamp="2024-08-13T17:18:21 IST" skipped="0">
  <testcase classname="webelements.Button" name="submit" time="8.401"/>
</testsuite> <!-- webelements.Button -->
