<?xml version="1.0" encoding="UTF-8"?>
<!-- Generated by org.testng.reporters.JUnitReportReporter -->
<testsuite hostname="Pallavi_Tammali" failures="0" tests="1" name="webelements.Audio" time="16.101" errors="0" timestamp="2024-08-24T12:14:52 IST" skipped="0">
  <testcase classname="webelements.Audio" name="defaultAudio" time="16.101"/>
</testsuite> <!-- webelements.Audio -->
