<?xml version="1.0" encoding="UTF-8"?>
<!-- Generated by org.testng.reporters.JUnitReportReporter -->
<testsuite hostname="Pallavi_Tammali" failures="0" tests="1" name="webelements.WebTable" time="17.542" errors="0" timestamp="2024-08-20T12:34:59 IST" skipped="0">
  <testcase classname="webelements.WebTable" name="dynamicwebtable" time="17.542"/>
</testsuite> <!-- webelements.WebTable -->
