<?xml version="1.0" encoding="UTF-8"?>
<!-- Generated by org.testng.reporters.JUnitReportReporter -->
<testsuite hostname="Pallavi_Tammali" failures="0" tests="1" name="others.StaleElement" time="5.953" errors="0" timestamp="2024-08-21T11:29:20 IST" skipped="0">
  <testcase classname="others.StaleElement" name="defaultstaleelement" time="5.953"/>
</testsuite> <!-- others.StaleElement -->
