<?xml version="1.0" encoding="UTF-8"?>
<!-- Generated by org.testng.reporters.JUnitReportReporter -->
<testsuite hostname="Pallavi_Tammali" failures="0" tests="1" name="webelements.Radiobutton" time="46.747" errors="0" timestamp="2024-08-15T19:00:20 IST" skipped="0">
  <testcase classname="webelements.Radiobutton" name="defaultradiobutton" time="46.747"/>
</testsuite> <!-- webelements.Radiobutton -->
