<?xml version="1.0" encoding="UTF-8"?>
<!-- Generated by org.testng.reporters.JUnitReportReporter -->
<testsuite hostname="Pallavi_Tammali" failures="0" tests="1" name="popups.JavaScript" time="10.252" errors="0" timestamp="2024-08-21T12:54:39 IST" skipped="0">
  <testcase classname="popups.JavaScript" name="prompttalert" time="10.252"/>
</testsuite> <!-- popups.JavaScript -->
