<?xml version="1.0" encoding="UTF-8"?>
<!-- Generated by org.testng.reporters.JUnitReportReporter -->
<testsuite hostname="Pallavi_Tammali" failures="0" tests="1" name="mouseActions.ClickNHold" time="18.210" errors="0" timestamp="2024-08-15T14:36:06 IST" skipped="0">
  <testcase classname="mouseActions.ClickNHold" name="clicknholddefault" time="18.210"/>
</testsuite> <!-- mouseActions.ClickNHold -->
