<?xml version="1.0" encoding="UTF-8"?>
<!-- Generated by org.testng.reporters.JUnitReportReporter -->
<testsuite hostname="Pallavi_Tammali" failures="0" tests="1" name="mouseActions.MouseHover" time="16.998" errors="0" timestamp="2024-08-15T10:39:52 IST" skipped="0">
  <testcase classname="mouseActions.MouseHover" name="tab" time="16.998"/>
</testsuite> <!-- mouseActions.MouseHover -->
