<?xml version="1.0" encoding="UTF-8"?>
<!-- Generated by org.testng.reporters.JUnitReportReporter -->
<testsuite hostname="Pallavi_Tammali" failures="0" tests="1" name="webelements.CheckBox" time="14.925" errors="0" timestamp="2024-08-15T18:31:19 IST" skipped="0">
  <testcase classname="webelements.CheckBox" name="selectedcheckbox" time="14.925"/>
</testsuite> <!-- webelements.CheckBox -->
