<?xml version="1.0" encoding="UTF-8"?>
<!-- Generated by org.testng.reporters.JUnitReportReporter -->
<testsuite hostname="Pallavi_Tammali" failures="0" tests="1" name="webelements.Toggle" time="19.049" errors="0" timestamp="2024-08-22T12:37:51 IST" skipped="0">
  <testcase classname="webelements.Toggle" name="disabledtoggle" time="19.049"/>
</testsuite> <!-- webelements.Toggle -->
